<?xml version="1.0" encoding="UTF-8"?>
<testng-results ignored="0" total="4" passed="3" failed="1" skipped="0">
  <reporter-output>
  </reporter-output>
  <suite started-at="2020-04-21T18:27:45 EDT" name="AutomationFrameworkSuite" finished-at="2020-04-21T18:28:30 EDT" duration-ms="44939">
    <groups>
    </groups>
    <test started-at="2020-04-21T18:27:45 EDT" name="RegistrationApplicationTest" finished-at="2020-04-21T18:28:02 EDT" duration-ms="17226">
      <class name="TestCases.RegistrationPageTest">
        <test-method is-config="true" signature="initial()[pri:0, instance:TestCases.RegistrationPageTest@45a37759]" started-at="2020-04-21T18:27:45 EDT" name="initial" finished-at="2020-04-21T18:27:52 EDT" duration-ms="7131" status="PASS">
          <reporter-output>
          </reporter-output>
        </test-method> <!-- initial -->
        <test-method signature="navigateToRegistrationPage()[pri:0, instance:TestCases.RegistrationPageTest@45a37759]" started-at="2020-04-21T18:27:52 EDT" name="navigateToRegistrationPage" finished-at="2020-04-21T18:28:02 EDT" duration-ms="9787" status="PASS">
          <reporter-output>
          </reporter-output>
        </test-method> <!-- navigateToRegistrationPage -->
        <test-method is-config="true" signature="tearDown()[pri:0, instance:TestCases.RegistrationPageTest@45a37759]" started-at="2020-04-21T18:28:02 EDT" name="tearDown" finished-at="2020-04-21T18:28:02 EDT" duration-ms="242" status="PASS">
          <reporter-output>
          </reporter-output>
        </test-method> <!-- tearDown -->
      </class> <!-- TestCases.RegistrationPageTest -->
    </test> <!-- RegistrationApplicationTest -->
    <test started-at="2020-04-21T18:28:02 EDT" name="LoginApplicationTest" finished-at="2020-04-21T18:28:23 EDT" duration-ms="20222">
      <class name="TestCases.LoginPageTest">
        <test-method is-config="true" signature="initial()[pri:0, instance:TestCases.LoginPageTest@1984b1f]" started-at="2020-04-21T18:28:02 EDT" name="initial" finished-at="2020-04-21T18:28:04 EDT" duration-ms="1552" status="PASS">
          <reporter-output>
          </reporter-output>
        </test-method> <!-- initial -->
        <test-method signature="navigateToHomePage(java.lang.String, java.lang.String)[pri:0, instance:TestCases.LoginPageTest@1984b1f]" started-at="2020-04-21T18:28:04 EDT" name="navigateToHomePage" data-provider="testData" finished-at="2020-04-21T18:28:15 EDT" duration-ms="10850" status="PASS">
          <params>
            <param index="0">
              <value>
                <![CDATA[abidurrahmannt@gmail.com]]>
              </value>
            </param>
            <param index="1">
              <value>
                <![CDATA[Fahad0358#]]>
              </value>
            </param>
          </params>
          <reporter-output>
          </reporter-output>
        </test-method> <!-- navigateToHomePage -->
        <test-method signature="navigateToHomePage(java.lang.String, java.lang.String)[pri:0, instance:TestCases.LoginPageTest@1984b1f]" started-at="2020-04-21T18:28:15 EDT" name="navigateToHomePage" data-provider="testData" finished-at="2020-04-21T18:28:22 EDT" duration-ms="7602" status="PASS">
          <params>
            <param index="0">
              <value>
                <![CDATA[abidur_92@yahoo.com]]>
              </value>
            </param>
            <param index="1">
              <value>
                <![CDATA[Fahad0358#]]>
              </value>
            </param>
          </params>
          <reporter-output>
          </reporter-output>
        </test-method> <!-- navigateToHomePage -->
        <test-method is-config="true" signature="tearDown()[pri:0, instance:TestCases.LoginPageTest@1984b1f]" started-at="2020-04-21T18:28:22 EDT" name="tearDown" finished-at="2020-04-21T18:28:23 EDT" duration-ms="202" status="PASS">
          <reporter-output>
          </reporter-output>
        </test-method> <!-- tearDown -->
      </class> <!-- TestCases.LoginPageTest -->
    </test> <!-- LoginApplicationTest -->
    <test started-at="2020-04-21T18:28:23 EDT" name="TitleValidationApplicationTest" finished-at="2020-04-21T18:28:30 EDT" duration-ms="7413">
      <class name="TestCases.ValidateTitle">
        <test-method is-config="true" signature="initial()[pri:0, instance:TestCases.ValidateTitle@327bcebd]" started-at="2020-04-21T18:28:23 EDT" name="initial" finished-at="2020-04-21T18:28:29 EDT" duration-ms="5975" status="PASS">
          <reporter-output>
          </reporter-output>
        </test-method> <!-- initial -->
        <test-method signature="valTitle()[pri:0, instance:TestCases.ValidateTitle@327bcebd]" started-at="2020-04-21T18:28:29 EDT" name="valTitle" finished-at="2020-04-21T18:28:29 EDT" duration-ms="23" status="FAIL">
          <exception class="java.lang.AssertionError">
            <message>
              <![CDATA[expected [QA Click Academy,Selenium,Jmeter,SoapUI,Appium,Database testing,QA Training Academy] but found [QA Click Academy | Selenium,Jmeter,SoapUI,Appium,Database testing,QA Training Academy]]]>
            </message>
            <full-stacktrace>
              <![CDATA[java.lang.AssertionError: expected [QA Click Academy,Selenium,Jmeter,SoapUI,Appium,Database testing,QA Training Academy] but found [QA Click Academy | Selenium,Jmeter,SoapUI,Appium,Database testing,QA Training Academy]
at org.testng.Assert.fail(Assert.java:97)
at org.testng.Assert.assertEqualsImpl(Assert.java:136)
at org.testng.Assert.assertEquals(Assert.java:118)
at org.testng.Assert.assertEquals(Assert.java:575)
at org.testng.Assert.assertEquals(Assert.java:585)
at TestCases.ValidateTitle.valTitle(ValidateTitle.java:45)
at java.base/jdk.internal.reflect.NativeMethodAccessorImpl.invoke0(Native Method)
at java.base/jdk.internal.reflect.NativeMethodAccessorImpl.invoke(NativeMethodAccessorImpl.java:62)
at java.base/jdk.internal.reflect.DelegatingMethodAccessorImpl.invoke(DelegatingMethodAccessorImpl.java:43)
at java.base/java.lang.reflect.Method.invoke(Method.java:567)
at org.testng.internal.MethodInvocationHelper.invokeMethod(MethodInvocationHelper.java:134)
at org.testng.internal.TestInvoker.invokeMethod(TestInvoker.java:597)
at org.testng.internal.TestInvoker.invokeTestMethod(TestInvoker.java:173)
at org.testng.internal.MethodRunner.runInSequence(MethodRunner.java:46)
at org.testng.internal.TestInvoker$MethodInvocationAgent.invoke(TestInvoker.java:816)
at org.testng.internal.TestInvoker.invokeTestMethods(TestInvoker.java:146)
at org.testng.internal.TestMethodWorker.invokeTestMethods(TestMethodWorker.java:146)
at org.testng.internal.TestMethodWorker.run(TestMethodWorker.java:128)
at java.base/java.util.ArrayList.forEach(ArrayList.java:1507)
at org.testng.TestRunner.privateRun(TestRunner.java:766)
at org.testng.TestRunner.run(TestRunner.java:587)
at org.testng.SuiteRunner.runTest(SuiteRunner.java:384)
at org.testng.SuiteRunner.runSequentially(SuiteRunner.java:378)
at org.testng.SuiteRunner.privateRun(SuiteRunner.java:337)
at org.testng.SuiteRunner.run(SuiteRunner.java:286)
at org.testng.SuiteRunnerWorker.runSuite(SuiteRunnerWorker.java:53)
at org.testng.SuiteRunnerWorker.run(SuiteRunnerWorker.java:96)
at org.testng.TestNG.runSuitesSequentially(TestNG.java:1187)
at org.testng.TestNG.runSuitesLocally(TestNG.java:1109)
at org.testng.TestNG.runSuites(TestNG.java:1039)
at org.testng.TestNG.run(TestNG.java:1007)
at org.testng.remote.AbstractRemoteTestNG.run(AbstractRemoteTestNG.java:115)
at org.testng.remote.RemoteTestNG.initAndRun(RemoteTestNG.java:251)
at org.testng.remote.RemoteTestNG.main(RemoteTestNG.java:77)
]]>
            </full-stacktrace>
          </exception> <!-- java.lang.AssertionError -->
          <reporter-output>
          </reporter-output>
        </test-method> <!-- valTitle -->
        <test-method is-config="true" signature="tearDown()[pri:0, instance:TestCases.ValidateTitle@327bcebd]" started-at="2020-04-21T18:28:30 EDT" name="tearDown" finished-at="2020-04-21T18:28:30 EDT" duration-ms="152" status="PASS">
          <reporter-output>
          </reporter-output>
        </test-method> <!-- tearDown -->
      </class> <!-- TestCases.ValidateTitle -->
    </test> <!-- TitleValidationApplicationTest -->
  </suite> <!-- AutomationFrameworkSuite -->
</testng-results>
